0 info it worked if it ends with ok
1 verbose cli [ 'C:\\Program Files (x86)\\nodejs\\\\node.exe',
1 verbose cli   'C:\\Program Files (x86)\\nodejs\\node_modules\\npm\\bin\\npm-cli.js',
1 verbose cli   'install',
1 verbose cli   'LiveScript',
1 verbose cli   '-g' ]
2 info using npm@2.5.1
3 info using node@v0.12.1
4 verbose node symlink C:\Program Files (x86)\nodejs\\node.exe
5 silly cache add args [ 'LiveScript', null ]
6 verbose cache add spec LiveScript
7 silly cache add parsed spec { raw: 'LiveScript',
7 silly cache add   scope: null,
7 silly cache add   name: 'LiveScript',
7 silly cache add   rawSpec: '',
7 silly cache add   spec: '*',
7 silly cache add   type: 'range' }
8 verbose addNamed LiveScript@*
9 silly addNamed semver.valid null
10 silly addNamed semver.validRange *
11 silly addNameRange { name: 'LiveScript', range: '*', hasData: false }
12 silly mapToRegistry name LiveScript
13 silly mapToRegistry using default registry
14 silly mapToRegistry registry https://registry.npmjs.org/
15 silly mapToRegistry uri https://registry.npmjs.org/LiveScript
16 verbose addNameRange registry:https://registry.npmjs.org/LiveScript not in flight; fetching
17 verbose request uri https://registry.npmjs.org/LiveScript
18 verbose request no auth needed
19 info attempt registry request try #1 at 20:55:22
20 verbose request id 94583c20796c140f
21 verbose etag "8PP0UT2GN3HSL34JEI4ZTDPG5"
22 http request GET https://registry.npmjs.org/LiveScript
23 http 304 https://registry.npmjs.org/LiveScript
24 silly get cb [ 304,
24 silly get   { date: 'Sat, 04 Apr 2015 12:55:25 GMT',
24 silly get     server: 'Apache',
24 silly get     via: '1.1 varnish',
24 silly get     'last-modified': 'Sat, 04 Apr 2015 12:55:25 GMT',
24 silly get     'cache-control': 'max-age=60',
24 silly get     etag: '"8PP0UT2GN3HSL34JEI4ZTDPG5"',
24 silly get     age: '0',
24 silly get     'x-served-by': 'cache-nrt6135-NRT',
24 silly get     'x-cache': 'HIT',
24 silly get     'x-cache-hits': '1',
24 silly get     'x-timer': 'S1428152125.762004,VS0,VE189',
24 silly get     vary: 'Accept',
24 silly get     'content-length': '0',
24 silly get     'keep-alive': 'timeout=10, max=50',
24 silly get     connection: 'Keep-Alive' } ]
25 verbose etag https://registry.npmjs.org/LiveScript from cache
26 verbose get saving LiveScript to C:\Users\linyx25\AppData\Roaming\npm-cache\registry.npmjs.org\LiveScript\.cache.json
27 silly addNameRange number 2 { name: 'LiveScript', range: '*', hasData: true }
28 silly addNameRange versions [ 'LiveScript',
28 silly addNameRange   [ '0.9.0',
28 silly addNameRange     '0.9.1',
28 silly addNameRange     '0.9.2',
28 silly addNameRange     '0.9.3',
28 silly addNameRange     '0.9.4',
28 silly addNameRange     '0.9.5',
28 silly addNameRange     '0.9.6',
28 silly addNameRange     '0.9.7',
28 silly addNameRange     '0.9.8',
28 silly addNameRange     '0.9.9',
28 silly addNameRange     '0.9.10',
28 silly addNameRange     '0.9.11',
28 silly addNameRange     '0.9.12',
28 silly addNameRange     '1.0.0',
28 silly addNameRange     '1.0.1',
28 silly addNameRange     '1.1.0',
28 silly addNameRange     '1.1.1',
28 silly addNameRange     '1.2.0',
28 silly addNameRange     '1.3.0',
28 silly addNameRange     '1.3.1',
28 silly addNameRange     '0.9.5-b',
28 silly addNameRange     '0.9.5-c',
28 silly addNameRange     '0.9.8-b',
28 silly addNameRange     '0.9.8-c',
28 silly addNameRange     '0.9.11-b' ] ]
29 verbose addNamed LiveScript@1.3.1
30 silly addNamed semver.valid 1.3.1
31 silly addNamed semver.validRange 1.3.1
32 silly cache afterAdd LiveScript@1.3.1
33 verbose afterAdd C:\Users\linyx25\AppData\Roaming\npm-cache\LiveScript\1.3.1\package\package.json not in flight; writing
34 verbose afterAdd C:\Users\linyx25\AppData\Roaming\npm-cache\LiveScript\1.3.1\package\package.json written
35 silly install resolved [ { name: 'LiveScript',
35 silly install resolved     version: '1.3.1',
35 silly install resolved     description: 'LiveScript is a language which compiles to JavaScript. It has a straightforward mapping to JavaScript and allows you to write expressive code devoid of repetitive boilerplate. While LiveScript adds many features to assist in functional style programming, ',
35 silly install resolved     keywords:
35 silly install resolved      [ 'language',
35 silly install resolved        'compiler',
35 silly install resolved        'coffeescript',
35 silly install resolved        'coco',
35 silly install resolved        'javascript',
35 silly install resolved        'functional' ],
35 silly install resolved     author: { name: 'George Zahariev', email: 'z@georgezahariev.com' },
35 silly install resolved     homepage: 'http://livescript.net',
35 silly install resolved     bugs: { url: 'https://github.com/gkz/LiveScript/issues' },
35 silly install resolved     licenses: [ [Object] ],
35 silly install resolved     engines: { node: '>= 0.8.0' },
35 silly install resolved     directories: { lib: './lib', bin: './bin' },
35 silly install resolved     files: [ 'lib', 'bin', 'README.md', 'LICENSE' ],
35 silly install resolved     main: './lib/',
35 silly install resolved     bin: { lsc: './bin/lsc' },
35 silly install resolved     scripts:
35 silly install resolved      { pretest: 'make force && make force',
35 silly install resolved        test: 'make test',
35 silly install resolved        'test-harmony': 'make test-harmony',
35 silly install resolved        posttest: 'git checkout -- lib' },
35 silly install resolved     preferGlobal: true,
35 silly install resolved     repository: { type: 'git', url: 'git://github.com/gkz/LiveScript.git' },
35 silly install resolved     dependencies: { 'prelude-ls': '~1.1.1', optionator: '~0.4.0' },
35 silly install resolved     devDependencies:
35 silly install resolved      { jison: '0.2.1',
35 silly install resolved        'uglify-js': '~2.4.15',
35 silly install resolved        istanbul: '~0.3.2',
35 silly install resolved        browserify: '~6.0.2' },
35 silly install resolved     _id: 'LiveScript@1.3.1',
35 silly install resolved     _shasum: '90196c4853fe49a3c6182b05e4f2baf598e6856f',
35 silly install resolved     _from: 'LiveScript@*',
35 silly install resolved     _npmVersion: '1.4.9',
35 silly install resolved     _npmUser: { name: 'gkz', email: 'z@georgezahariev.com' },
35 silly install resolved     maintainers: [ [Object] ],
35 silly install resolved     dist:
35 silly install resolved      { shasum: '90196c4853fe49a3c6182b05e4f2baf598e6856f',
35 silly install resolved        tarball: 'http://registry.npmjs.org/LiveScript/-/LiveScript-1.3.1.tgz' },
35 silly install resolved     _resolved: 'https://registry.npmjs.org/LiveScript/-/LiveScript-1.3.1.tgz',
35 silly install resolved     readme: 'ERROR: No README data found!' } ]
36 info install LiveScript@1.3.1 into C:\Program Files (x86)\nodejs\node_global
37 info installOne LiveScript@1.3.1
38 verbose installOne of LiveScript to C:\Program Files (x86)\nodejs\node_global not in flight; installing
39 verbose lock using C:\Users\linyx25\AppData\Roaming\npm-cache\_locks\LiveScript-cb7871dc8593e075.lock for C:\Program Files (x86)\nodejs\node_global\node_modules\LiveScript
40 silly install write writing LiveScript 1.3.1 to C:\Program Files (x86)\nodejs\node_global\node_modules\LiveScript
41 silly cache addNamed cb LiveScript@1.3.1
42 verbose unbuild node_modules\LiveScript
43 info preuninstall LiveScript@1.3.1
44 info uninstall LiveScript@1.3.1
45 verbose unbuild rmStuff LiveScript@1.3.1 from C:\Program Files (x86)\nodejs\node_global\node_modules
46 verbose gentlyRm verifying that C:\Program Files (x86)\nodejs\node_global is managed by npm
47 silly isManaged C:\Program Files (x86)\nodejs\node_global is not inside C:\Program Files (x86)\nodejs\node_global\node_modules
48 silly isManaged C:\Program Files (x86)\nodejs\node_global is not inside C:\Program Files (x86)\nodejs\node_global\node_modules
49 silly isManaged C:\Program Files (x86)\nodejs\node_global is inside C:\Program Files (x86)\nodejs\node_global
50 silly gentlyRm C:\Program Files (x86)\nodejs\node_global is managed by npm
51 silly gentlyRm C:\Program Files (x86)\nodejs\node_global\lsc.cmd is under C:\Program Files (x86)\nodejs\node_global
52 verbose gentlyRm vacuuming C:\Program Files (x86)\nodejs\node_global\lsc.cmd up to C:\Program Files (x86)\nodejs\node_global
53 silly gentlyRm removing C:\Program Files (x86)\nodejs\node_global\lsc.cmd
54 verbose unlock done using C:\Users\linyx25\AppData\Roaming\npm-cache\_locks\LiveScript-cb7871dc8593e075.lock for C:\Program Files (x86)\nodejs\node_global\node_modules\LiveScript
55 verbose stack Error: EPERM, unlink 'C:\Program Files (x86)\nodejs\node_global\lsc.cmd'
55 verbose stack     at Error (native)
56 verbose cwd C:\Users\linyx25\Desktop\w5_start_top\s1\js
57 error Windows_NT 6.3.9600
58 error argv "C:\\Program Files (x86)\\nodejs\\\\node.exe" "C:\\Program Files (x86)\\nodejs\\node_modules\\npm\\bin\\npm-cli.js" "install" "LiveScript" "-g"
59 error node v0.12.1
60 error npm  v2.5.1
61 error path C:\Program Files (x86)\nodejs\node_global\lsc.cmd
62 error code EPERM
63 error errno -4048
64 error Error: EPERM, unlink 'C:\Program Files (x86)\nodejs\node_global\lsc.cmd'
64 error     at Error (native)
64 error  { [Error: EPERM, unlink 'C:\Program Files (x86)\nodejs\node_global\lsc.cmd']
64 error   errno: -4048,
64 error   code: 'EPERM',
64 error   path: 'C:\\Program Files (x86)\\nodejs\\node_global\\lsc.cmd' }
65 error Please try running this command again as root/Administrator.
66 verbose exit [ -4048, true ]
67 verbose unbuild node_modules\LiveScript
68 info preuninstall LiveScript@1.3.1
69 info uninstall LiveScript@1.3.1
70 verbose unbuild rmStuff LiveScript@1.3.1 from C:\Program Files (x86)\nodejs\node_global\node_modules
71 verbose gentlyRm verifying that C:\Program Files (x86)\nodejs\node_global is managed by npm
72 silly isManaged C:\Program Files (x86)\nodejs\node_global is not inside C:\Program Files (x86)\nodejs\node_global\node_modules
73 silly isManaged C:\Program Files (x86)\nodejs\node_global is not inside C:\Program Files (x86)\nodejs\node_global\node_modules
74 silly isManaged C:\Program Files (x86)\nodejs\node_global is inside C:\Program Files (x86)\nodejs\node_global
75 silly gentlyRm C:\Program Files (x86)\nodejs\node_global is managed by npm
76 silly gentlyRm C:\Program Files (x86)\nodejs\node_global\lsc.cmd is under C:\Program Files (x86)\nodejs\node_global
77 verbose gentlyRm vacuuming C:\Program Files (x86)\nodejs\node_global\lsc.cmd up to C:\Program Files (x86)\nodejs\node_global
78 silly gentlyRm removing C:\Program Files (x86)\nodejs\node_global\lsc.cmd
79 error error rolling back Error: EPERM, unlink 'C:\Program Files (x86)\nodejs\node_global\lsc.cmd'
79 error error rolling back     at Error (native)
79 error error rolling back  { [Error: EPERM, unlink 'C:\Program Files (x86)\nodejs\node_global\lsc.cmd']
79 error error rolling back   errno: -4048,
79 error error rolling back   code: 'EPERM',
79 error error rolling back   path: 'C:\\Program Files (x86)\\nodejs\\node_global\\lsc.cmd' }
